<?xml version="1.0" encoding="UTF-8"?>
<!-- Generated by org.testng.reporters.JUnitXMLReporter -->
<testsuite hostname="MLB-MYS-NMF-20" name="Command line test" tests="3" failures="0" timestamp="19 Mar 2016 08:22:15 GMT" time="11.314" errors="0">
  <testcase name="f" time="7.678" classname="com.ontestautomation.restassured.authentication.NewTest"/>
  <testcase name="checkNumberOfAssociatedPaymentsIsEqualToZero" time="1.757" classname="com.ontestautomation.restassured.authentication.RestAssuredAuthenticationTest"/>
  <testcase name="checkUserInfoContainsUserId" time="1.867" classname="com.ontestautomation.restassured.authentication.RestAssuredAuthenticationTest"/>
</testsuite> <!-- Command line test -->
