<?xml version="1.0" encoding="UTF-8"?>
<testng-results skipped="0" failed="0" total="3" passed="3">
  <reporter-output>
  </reporter-output>
  <suite name="Command line suite" duration-ms="11314" started-at="2016-03-19T08:22:04Z" finished-at="2016-03-19T08:22:15Z">
    <groups>
    </groups>
    <test name="Command line test" duration-ms="11314" started-at="2016-03-19T08:22:04Z" finished-at="2016-03-19T08:22:15Z">
      <class name="com.ontestautomation.restassured.authentication.NewTest">
        <test-method status="PASS" signature="beforeSuite(org.testng.ITestContext)[pri:0, instance:com.ontestautomation.restassured.authentication.NewTest@96532d6]" name="beforeSuite" is-config="true" duration-ms="12578" started-at="2016-03-19T13:51:46Z" finished-at="2016-03-19T13:51:58Z">
          <params>
            <param index="0">
              <value>
                <![CDATA[org.testng.TestRunner@c4c0b41]]>
              </value>
            </param>
          </params>
          <reporter-output>
          </reporter-output>
        </test-method> <!-- beforeSuite -->
        <test-method status="PASS" signature="requestToken(org.testng.ITestContext)[pri:0, instance:com.ontestautomation.restassured.authentication.RestAssuredAuthenticationTest@3796751b]" name="requestToken" is-config="true" duration-ms="5979" started-at="2016-03-19T13:51:58Z" finished-at="2016-03-19T13:52:04Z">
          <params>
            <param index="0">
              <value>
                <![CDATA[org.testng.TestRunner@c4c0b41]]>
              </value>
            </param>
          </params>
          <reporter-output>
          </reporter-output>
        </test-method> <!-- requestToken -->
        <test-method status="PASS" signature="f(org.testng.ITestContext)[pri:0, instance:com.ontestautomation.restassured.authentication.NewTest@96532d6]" name="f" duration-ms="7678" started-at="2016-03-19T13:52:04Z" finished-at="2016-03-19T13:52:12Z">
          <params>
            <param index="0">
              <value>
                <![CDATA[org.testng.TestRunner@c4c0b41]]>
              </value>
            </param>
          </params>
          <reporter-output>
          </reporter-output>
        </test-method> <!-- f -->
        <test-method status="PASS" signature="afterSuite(org.testng.ITestContext)[pri:0, instance:com.ontestautomation.restassured.authentication.NewTest@96532d6]" name="afterSuite" is-config="true" duration-ms="608" started-at="2016-03-19T13:52:15Z" finished-at="2016-03-19T13:52:16Z">
          <params>
            <param index="0">
              <value>
                <![CDATA[org.testng.TestRunner@c4c0b41]]>
              </value>
            </param>
          </params>
          <reporter-output>
          </reporter-output>
        </test-method> <!-- afterSuite -->
      </class> <!-- com.ontestautomation.restassured.authentication.NewTest -->
      <class name="com.ontestautomation.restassured.authentication.RestAssuredAuthenticationTest">
        <test-method status="PASS" signature="checkNumberOfAssociatedPaymentsIsEqualToZero(org.testng.ITestContext)[pri:0, instance:com.ontestautomation.restassured.authentication.RestAssuredAuthenticationTest@3796751b]" name="checkNumberOfAssociatedPaymentsIsEqualToZero" duration-ms="1757" started-at="2016-03-19T13:52:12Z" finished-at="2016-03-19T13:52:14Z">
          <params>
            <param index="0">
              <value>
                <![CDATA[org.testng.TestRunner@c4c0b41]]>
              </value>
            </param>
          </params>
          <reporter-output>
          </reporter-output>
        </test-method> <!-- checkNumberOfAssociatedPaymentsIsEqualToZero -->
        <test-method status="PASS" signature="checkUserInfoContainsUserId(org.testng.ITestContext)[pri:0, instance:com.ontestautomation.restassured.authentication.RestAssuredAuthenticationTest@3796751b]" name="checkUserInfoContainsUserId" duration-ms="1867" started-at="2016-03-19T13:52:14Z" finished-at="2016-03-19T13:52:15Z">
          <params>
            <param index="0">
              <value>
                <![CDATA[org.testng.TestRunner@c4c0b41]]>
              </value>
            </param>
          </params>
          <reporter-output>
          </reporter-output>
        </test-method> <!-- checkUserInfoContainsUserId -->
      </class> <!-- com.ontestautomation.restassured.authentication.RestAssuredAuthenticationTest -->
    </test> <!-- Command line test -->
  </suite> <!-- Command line suite -->
</testng-results>
